<?xml version="1.0" encoding="UTF-8"?>
<testsuite xmlns:xsi="http://www.w3.org/2001/XMLSchema-instance" xsi:noNamespaceSchemaLocation="https://maven.apache.org/surefire/maven-surefire-plugin/xsd/surefire-test-report-3.0.xsd" version="3.0" name="runners.AddRemoveElementsRunner" time="12.427" tests="1" errors="0" skipped="0" failures="0">
  <properties>
[...]
</properties>
  <testcase name="Add a delete button and remove it" classname="Add and Remove Elements" time="12.144">
    <system-out><![CDATA[
Scenario: Add a delete button and remove it  # src/test/java/features/add_remove_elements.feature:3
  Given I am on the Add Remove Elements page # steps.AddRemoveElementsSteps.iAmOnTheAddRemoveElementsPage()
  When I click the Add Element button        # steps.AddRemoveElementsSteps.iClickTheAddElementButton()
  Then I should see a Delete button          # steps.AddRemoveElementsSteps.iShouldSeeADeleteButton()
  When I click the Delete button             # steps.AddRemoveElementsSteps.iClickTheDeleteButton()
  Then I should not see any Delete button    # steps.AddRemoveElementsSteps.iShouldNotSeeAnyDeleteButton()
]]></system-out>
    <system-err><![CDATA[Starting ChromeDriver 146.0.7680.80 (f08938029c887ea624da7a1717059788ed95034d-refs/branch-heads/7680_65@{#34}) on port 35705
Only local connections are allowed.
Please see https://chromedriver.chromium.org/security-considerations for suggestions on keeping ChromeDriver safe.
ChromeDriver was started successfully on port 35705.
Mar 16, 2026 5:42:47 AM org.openqa.selenium.remote.ProtocolHandshake createSession
INFO: Detected dialect: W3C
Mar 16, 2026 5:42:47 AM org.openqa.selenium.devtools.CdpVersionFinder findNearestMatch
WARNING: Unable to find an exact match for CDP version 146, so returning the closest version found: a no-op implementation
Mar 16, 2026 5:42:47 AM org.openqa.selenium.devtools.CdpVersionFinder findNearestMatch
INFO: Unable to find CDP implementation matching 146.
Mar 16, 2026 5:42:47 AM org.openqa.selenium.chromium.ChromiumDriver lambda$new$3
WARNING: Unable to find version of CDP to use for . You may need to include a dependency on a specific version of the CDP using something similar to `org.seleniumhq.selenium:selenium-devtools-v86:4.0.0` where the version ("v86") matches the version of the chromium-based browser you're using and the version number of the artifact is the same as Selenium's.
Starting ChromeDriver 146.0.7680.80 (f08938029c887ea624da7a1717059788ed95034d-refs/branch-heads/7680_65@{#34}) on port 56234
Only local connections are allowed.
Please see https://chromedriver.chromium.org/security-considerations for suggestions on keeping ChromeDriver safe.
ChromeDriver was started successfully on port 56234.
Mar 16, 2026 5:42:47 AM org.openqa.selenium.remote.ProtocolHandshake createSession
INFO: Detected dialect: W3C
Mar 16, 2026 5:42:47 AM org.openqa.selenium.devtools.CdpVersionFinder findNearestMatch
WARNING: Unable to find an exact match for CDP version 146, so returning the closest version found: a no-op implementation
Mar 16, 2026 5:42:47 AM org.openqa.selenium.devtools.CdpVersionFinder findNearestMatch
INFO: Unable to find CDP implementation matching 146.
Mar 16, 2026 5:42:47 AM org.openqa.selenium.chromium.ChromiumDriver lambda$new$3
WARNING: Unable to find version of CDP to use for . You may need to include a dependency on a specific version of the CDP using something similar to `org.seleniumhq.selenium:selenium-devtools-v86:4.0.0` where the version ("v86") matches the version of the chromium-based browser you're using and the version number of the artifact is the same as Selenium's.
]]></system-err>
  </testcase>
</testsuite>